<?xml version="1.0" encoding="UTF-8"?>
<!-- Generated by org.testng.reporters.JUnitReportReporter -->
<testsuite skipped="1" hostname="DESKTOP-59B6MEB" name="org.testngTask.Question_1" tests="7" failures="0" timestamp="09 Mar 2023 05:04:29 GMT" time="126.458" errors="0">
  <testcase name="tc2" time="6.064" classname="org.testngTask.Question_1"/>
  <testcase name="tc4" time="14.893" classname="org.testngTask.Question_1"/>
  <testcase name="tc8" time="32.104" classname="org.testngTask.Question_1"/>
  <testcase name="tc3" time="1.164" classname="org.testngTask.Question_1"/>
  <testcase name="tc8" time="62.040" classname="org.testngTask.Question_1"/>
  <testcase name="tc1" time="10.193" classname="org.testngTask.Question_1"/>
  <testcase name="tc5" classname="org.testngTask.Question_1">
    <skipped/>
  </testcase> <!-- tc5 -->
</testsuite> <!-- org.testngTask.Question_1 -->
